<?xml version="1.0" encoding="UTF-8"?>
<!-- Generated by org.testng.reporters.JUnitXMLReporter -->
<testsuite hostname="AIPL2361LT06766" ignored="1" name="Default test" tests="1" failures="0" timestamp="10 Aug 2020 07:05:06 GMT" time="2.073" errors="0">
  <testcase name="errorWriter" time="1.56" classname="com.walmart.jsonpath.FilterTest"/>
  <testcase name="getStudent" time="0.0" classname="com.walmart.jsonpath.FilterTest">
    <ignored/>
  </testcase> <!-- getStudent -->
</testsuite> <!-- Default test -->
