<?xml version="1.0" encoding="UTF-8"?>
<testng-results skipped="0" failed="0" ignored="1" total="2" passed="1">
  <reporter-output>
  </reporter-output>
  <suite name="Default suite" duration-ms="2073" started-at="2020-08-10T07:05:04Z" finished-at="2020-08-10T07:05:06Z">
    <groups>
    </groups>
    <test name="Default test" duration-ms="2073" started-at="2020-08-10T07:05:04Z" finished-at="2020-08-10T07:05:06Z">
      <class name="com.walmart.jsonpath.FilterTest">
        <test-method status="PASS" signature="init()[pri:0, instance:com.walmart.jsonpath.FilterTest@229d10bd]" name="init" is-config="true" duration-ms="379" started-at="2020-08-10T07:05:04Z" finished-at="2020-08-10T07:05:05Z">
          <reporter-output>
          </reporter-output>
        </test-method> <!-- init -->
        <test-method status="PASS" signature="beforeMethod()[pri:0, instance:com.walmart.jsonpath.FilterTest@229d10bd]" name="beforeMethod" is-config="true" duration-ms="1" started-at="2020-08-10T07:05:05Z" finished-at="2020-08-10T07:05:05Z">
          <reporter-output>
          </reporter-output>
        </test-method> <!-- beforeMethod -->
        <test-method status="PASS" signature="errorWriter()[pri:0, instance:com.walmart.jsonpath.FilterTest@229d10bd]" name="errorWriter" duration-ms="1560" started-at="2020-08-10T07:05:05Z" finished-at="2020-08-10T07:05:06Z">
          <reporter-output>
          </reporter-output>
        </test-method> <!-- errorWriter -->
      </class> <!-- com.walmart.jsonpath.FilterTest -->
    </test> <!-- Default test -->
  </suite> <!-- Default suite -->
</testng-results>
